#
# There is insufficient memory for the Java Runtime Environment to continue.
# Native memory allocation (mmap) failed to map 536870912 bytes for G1 virtual space
# Possible reasons:
#   The system is out of physical RAM or swap space
#   The process is running with CompressedOops enabled, and the Java Heap may be blocking the growth of the native heap
# Possible solutions:
#   Reduce memory load on the system
#   Increase physical memory or swap space
#   Check if swap backing store is full
#   Decrease Java heap size (-Xmx/-Xms)
#   Decrease number of Java threads
#   Decrease Java thread stack sizes (-Xss)
#   Set larger code cache with -XX:ReservedCodeCacheSize=
#   JVM is running with Zero Based Compressed Oops mode in which the Java heap is
#     placed in the first 32GB address space. The Java Heap base address is the
#     maximum limit for the native heap growth. Please use -XX:HeapBaseMinAddress
#     to set the Java Heap base and to place the Java Heap above 32GB virtual address.
# This output file may be truncated or incomplete.
#
#  Out of Memory Error (os_windows.cpp:3466), pid=16716, tid=4824
#
# JRE version:  (16.0.1+9) (build )
# Java VM: OpenJDK 64-Bit Server VM (16.0.1+9-24, mixed mode, sharing, tiered, compressed oops, compressed class ptrs, g1 gc, windows-amd64)
# No core dump will be written. Minidumps are not enabled by default on client versions of Windows
#

---------------  S U M M A R Y ------------

Command Line: -Dfile.encoding=UTF-8 --module-path=C:\Users\u_011\git\DeepRoot\DeepRoot\bin -XX:+ShowCodeDetailsInExceptionMessages -Djdk.module.main=DeepRoot DeepRoot/com.project.main.Main

Host: AMD Ryzen 5 5600X 6-Core Processor             , 12 cores, 31G,  Windows 10 , 64 bit Build 19041 (10.0.19041.1348)
Time: Thu Dec 16 18:23:33 2021  Windows 10 , 64 bit Build 19041 (10.0.19041.1348) elapsed time: 0.013663 seconds (0d 0h 0m 0s)

---------------  T H R E A D  ---------------

Current thread (0x000001bfb23d8a60):  JavaThread "Unknown thread" [_thread_in_vm, id=4824, stack(0x00000095f9000000,0x00000095f9100000)]

Stack: [0x00000095f9000000,0x00000095f9100000]
Native frames: (J=compiled Java code, j=interpreted, Vv=VM code, C=native code)
V  [jvm.dll+0x6687ca]
V  [jvm.dll+0x7ca3c9]
V  [jvm.dll+0x7cbb53]
V  [jvm.dll+0x7cc1b3]
V  [jvm.dll+0x242ea5]
V  [jvm.dll+0x665589]
V  [jvm.dll+0x65a175]
V  [jvm.dll+0x2fc5ab]
V  [jvm.dll+0x3037a6]
V  [jvm.dll+0x352fee]
V  [jvm.dll+0x35321f]
V  [jvm.dll+0x2d3618]
V  [jvm.dll+0x2d4854]
V  [jvm.dll+0x79ccb1]
V  [jvm.dll+0x360de1]
V  [jvm.dll+0x77a990]
V  [jvm.dll+0x3e55af]
V  [jvm.dll+0x3e7081]
C  [jli.dll+0x52fb]
C  [ucrtbase.dll+0x21bb2]
C  [KERNEL32.DLL+0x17034]
C  [ntdll.dll+0x52651]


---------------  P R O C E S S  ---------------

Threads class SMR info:
_java_thread_list=0x00007ffdd18bcbb8, length=0, elements={
}

Java Threads: ( => current thread )

Other Threads:
  0x000001bfb244fae0 GCTaskThread "GC Thread#0" [stack: 0x00000095f9100000,0x00000095f9200000] [id=36036]
  0x000001bfb2462270 ConcurrentGCThread "G1 Main Marker" [stack: 0x00000095f9200000,0x00000095f9300000] [id=33140]
  0x000001bfb2462c70 ConcurrentGCThread "G1 Conc#0" [stack: 0x00000095f9300000,0x00000095f9400000] [id=15540]

[error occurred during error reporting (printing all threads), id 0xc0000005, EXCEPTION_ACCESS_VIOLATION (0xc0000005) at pc=0x00007ffdd10944d7]

VM state: not at safepoint (not fully initialized)

VM Mutex/Monitor currently owned by a thread:  ([mutex/lock_event])
[0x000001bfb23d4a30] Heap_lock - owner thread: 0x000001bfb23d8a60

Heap address: 0x0000000600c00000, size: 8180 MB, Compressed Oops mode: Zero based, Oop shift amount: 3

CDS archive(s) mapped at: [0x0000000000000000-0x0000000000000000-0x0000000000000000), size 0, SharedBaseAddress: 0x0000000800000000, ArchiveRelocationMode: 0.
Narrow klass base: 0x0000000000000000, Narrow klass shift: 0, Narrow klass range: 0x0

GC Precious Log:
<Empty>

Heap:
 garbage-first heap   total 0K, used 0K [0x0000000600c00000, 0x0000000800000000)
  region size 4096K, 0 young (0K), 0 survivors (0K)

[error occurred during error reporting (printing heap information), id 0xc0000005, EXCEPTION_ACCESS_VIOLATION (0xc0000005) at pc=0x00007ffdd14724ed]

GC Heap History (0 events):
No events

Deoptimization events (0 events):
No events

Classes unloaded (0 events):
No events

Classes redefined (0 events):
No events

Internal exceptions (0 events):
No events

Events (1 events):
Event: 0.010 Loaded shared library C:\Users\u_011\eclipse\plugins\org.eclipse.justj.openjdk.hotspot.jre.full.win32.x86_64_16.0.1.v20210528-1205\jre\bin\java.dll


Dynamic libraries:
0x00007ff7ab920000 - 0x00007ff7ab92e000 	C:\Users\u_011\eclipse\plugins\org.eclipse.justj.openjdk.hotspot.jre.full.win32.x86_64_16.0.1.v20210528-1205\jre\bin\javaw.exe
0x00007ffe46e90000 - 0x00007ffe47085000 	C:\Windows\SYSTEM32\ntdll.dll
0x00007ffe45050000 - 0x00007ffe4510e000 	C:\Windows\System32\KERNEL32.DLL
0x00007ffe44a90000 - 0x00007ffe44d58000 	C:\Windows\System32\KERNELBASE.dll
0x00007ffe44d90000 - 0x00007ffe44e90000 	C:\Windows\System32\ucrtbase.dll
0x00007ffe11aa0000 - 0x00007ffe11ab8000 	C:\Users\u_011\eclipse\plugins\org.eclipse.justj.openjdk.hotspot.jre.full.win32.x86_64_16.0.1.v20210528-1205\jre\bin\jli.dll
0x00007ffe11a80000 - 0x00007ffe11a99000 	C:\Users\u_011\eclipse\plugins\org.eclipse.justj.openjdk.hotspot.jre.full.win32.x86_64_16.0.1.v20210528-1205\jre\bin\VCRUNTIME140.dll
0x00007ffe451e0000 - 0x00007ffe45381000 	C:\Windows\System32\USER32.dll
0x00007ffe44660000 - 0x00007ffe44682000 	C:\Windows\System32\win32u.dll
0x00007ffe45b10000 - 0x00007ffe45b3b000 	C:\Windows\System32\GDI32.dll
0x00007ffe44690000 - 0x00007ffe4479b000 	C:\Windows\System32\gdi32full.dll
0x00007ffe44890000 - 0x00007ffe4492d000 	C:\Windows\System32\msvcp_win.dll
0x00007ffe33ca0000 - 0x00007ffe33f3a000 	C:\Windows\WinSxS\amd64_microsoft.windows.common-controls_6595b64144ccf1df_6.0.19041.1110_none_60b5254171f9507e\COMCTL32.dll
0x00007ffe46db0000 - 0x00007ffe46e4e000 	C:\Windows\System32\msvcrt.dll
0x00007ffe46bd0000 - 0x00007ffe46c00000 	C:\Windows\System32\IMM32.DLL
0x00007ffe3e760000 - 0x00007ffe3e76c000 	C:\Users\u_011\eclipse\plugins\org.eclipse.justj.openjdk.hotspot.jre.full.win32.x86_64_16.0.1.v20210528-1205\jre\bin\vcruntime140_1.dll
0x00007ffdf7b60000 - 0x00007ffdf7bf1000 	C:\Users\u_011\eclipse\plugins\org.eclipse.justj.openjdk.hotspot.jre.full.win32.x86_64_16.0.1.v20210528-1205\jre\bin\msvcp140.dll
0x00007ffdd0db0000 - 0x00007ffdd195b000 	C:\Users\u_011\eclipse\plugins\org.eclipse.justj.openjdk.hotspot.jre.full.win32.x86_64_16.0.1.v20210528-1205\jre\bin\server\jvm.dll
0x00007ffe46c00000 - 0x00007ffe46cac000 	C:\Windows\System32\ADVAPI32.dll
0x00007ffe44fb0000 - 0x00007ffe4504b000 	C:\Windows\System32\sechost.dll
0x00007ffe46780000 - 0x00007ffe468aa000 	C:\Windows\System32\RPCRT4.dll
0x00007ffe451d0000 - 0x00007ffe451d8000 	C:\Windows\System32\PSAPI.DLL
0x00007ffe31030000 - 0x00007ffe31039000 	C:\Windows\SYSTEM32\WSOCK32.dll
0x00007ffe3d7a0000 - 0x00007ffe3d7aa000 	C:\Windows\SYSTEM32\VERSION.dll
0x00007ffe39ed0000 - 0x00007ffe39ef7000 	C:\Windows\SYSTEM32\WINMM.dll
0x00007ffe46b60000 - 0x00007ffe46bcb000 	C:\Windows\System32\WS2_32.dll
0x00007ffe424d0000 - 0x00007ffe424e2000 	C:\Windows\SYSTEM32\kernel.appcore.dll
0x00007ffe29630000 - 0x00007ffe2963a000 	C:\Users\u_011\eclipse\plugins\org.eclipse.justj.openjdk.hotspot.jre.full.win32.x86_64_16.0.1.v20210528-1205\jre\bin\jimage.dll
0x00007ffe30d70000 - 0x00007ffe30f54000 	C:\Windows\SYSTEM32\DBGHELP.DLL
0x00007ffe30c30000 - 0x00007ffe30c5c000 	C:\Windows\SYSTEM32\dbgcore.DLL
0x00007ffe447a0000 - 0x00007ffe44823000 	C:\Windows\System32\bcryptPrimitives.dll
0x00007ffe20eb0000 - 0x00007ffe20ed5000 	C:\Users\u_011\eclipse\plugins\org.eclipse.justj.openjdk.hotspot.jre.full.win32.x86_64_16.0.1.v20210528-1205\jre\bin\java.dll

dbghelp: loaded successfully - version: 4.0.5 - missing functions: none
symbol engine: initialized successfully - sym options: 0x614 - pdb path: .;C:\Users\u_011\eclipse\plugins\org.eclipse.justj.openjdk.hotspot.jre.full.win32.x86_64_16.0.1.v20210528-1205\jre\bin;C:\Windows\SYSTEM32;C:\Windows\WinSxS\amd64_microsoft.windows.common-controls_6595b64144ccf1df_6.0.19041.1110_none_60b5254171f9507e;C:\Users\u_011\eclipse\plugins\org.eclipse.justj.openjdk.hotspot.jre.full.win32.x86_64_16.0.1.v20210528-1205\jre\bin\server

VM Arguments:
jvm_args: -Dfile.encoding=UTF-8 --module-path=C:\Users\u_011\git\DeepRoot\DeepRoot\bin -XX:+ShowCodeDetailsInExceptionMessages -Djdk.module.main=DeepRoot 
java_command: DeepRoot/com.project.main.Main
java_class_path (initial): <not set>
Launcher Type: SUN_STANDARD

[Global flags]
     intx CICompilerCount                          = 4                                         {product} {ergonomic}
     uint ConcGCThreads                            = 3                                         {product} {ergonomic}
     uint G1ConcRefinementThreads                  = 10                                        {product} {ergonomic}
   size_t G1HeapRegionSize                         = 4194304                                   {product} {ergonomic}
    uintx GCDrainStackTargetSize                   = 64                                        {product} {ergonomic}
   size_t InitialHeapSize                          = 536870912                                 {product} {ergonomic}
   size_t MarkStackSize                            = 4194304                                   {product} {ergonomic}
   size_t MaxHeapSize                              = 8577351680                                {product} {ergonomic}
   size_t MinHeapDeltaBytes                        = 4194304                                   {product} {ergonomic}
   size_t MinHeapSize                              = 8388608                                   {product} {ergonomic}
    uintx NonNMethodCodeHeapSize                   = 5839372                                {pd product} {ergonomic}
    uintx NonProfiledCodeHeapSize                  = 122909434                              {pd product} {ergonomic}
    uintx ProfiledCodeHeapSize                     = 122909434                              {pd product} {ergonomic}
    uintx ReservedCodeCacheSize                    = 251658240                              {pd product} {ergonomic}
     bool SegmentedCodeCache                       = true                                      {product} {ergonomic}
     bool ShowCodeDetailsInExceptionMessages       = true                                   {manageable} {command line}
   size_t SoftMaxHeapSize                          = 8577351680                             {manageable} {ergonomic}
     bool UseCompressedClassPointers               = true                           {product lp64_product} {ergonomic}
     bool UseCompressedOops                        = true                           {product lp64_product} {ergonomic}
     bool UseG1GC                                  = true                                      {product} {ergonomic}
     bool UseLargePagesIndividualAllocation        = false                                  {pd product} {ergonomic}

Logging:
Log output configuration:
 #0: stdout all=warning uptime,level,tags
 #1: stderr all=off uptime,level,tags

Environment Variables:
JAVA_HOME=C:\Program Files\Java
PATH=C:/Users/u_011/eclipse//plugins/org.eclipse.justj.openjdk.hotspot.jre.full.win32.x86_64_16.0.1.v20210528-1205/jre/bin/server;C:/Users/u_011/eclipse//plugins/org.eclipse.justj.openjdk.hotspot.jre.full.win32.x86_64_16.0.1.v20210528-1205/jre/bin;C:\oraclexe\app\oracle\product\11.2.0\server\bin;C:\Program Files\Common Files\Oracle\Java\javapath;%JAVA_HOME%\bin;C:\Windows\system32;C:\Windows;C:\Windows\System32\Wbem;C:\Windows\System32\WindowsPowerShell\v1.0\;C:\Windows\System32\OpenSSH\;C:\Program Files\Git\cmd;C:\Program Files\Microsoft VS Code\bin;C:\Program Files\dotnet\;C:\Users\u_011\AppData\Local\Microsoft\WindowsApps;C:\Program Files\Bandizip\;C:\Users\u_011\eclipse;
USERNAME=u_011
OS=Windows_NT
PROCESSOR_IDENTIFIER=AMD64 Family 25 Model 33 Stepping 0, AuthenticAMD



---------------  S Y S T E M  ---------------

OS:
 Windows 10 , 64 bit Build 19041 (10.0.19041.1348)
OS uptime: 2 days 18:08 hours

CPU: total 12 (initial active 12) (12 cores per cpu, 2 threads per core) family 25 model 33 stepping 0 microcode 0x0, cx8, cmov, fxsr, ht, mmx, 3dnowpref, sse, sse2, sse3, ssse3, sse4a, sse4.1, sse4.2, popcnt, lzcnt, tsc, tscinvbit, avx, avx2, aes, erms, clmul, bmi1, bmi2, adx, sha, fma, vzeroupper, clflush, clflushopt

Memory: 4k page, system-wide physical 32712M (18238M free)
TotalPageFile size 92087M (AvailPageFile size 302M)
current process WorkingSet (physical memory assigned to process): 10M, peak: 10M
current process commit charge ("private bytes"): 64M, peak: 576M

vm_info: OpenJDK 64-Bit Server VM (16.0.1+9-24) for windows-amd64 JRE (16.0.1+9-24), built on Mar 26 2021 19:30:07 by "mach5one" with MS VC++ 16.7 (VS2019)

END.
